2026-03-17 15:09:14,282 - INFO - Modelo YOLO carregado com sucesso.
2026-03-17 15:09:14,864 - INFO - Sistema iniciado e pronto para operação.
2026-03-17 15:09:17,285 - INFO - Finalizando aplicação...
2026-03-17 15:09:32,828 - INFO - Modelo YOLO carregado com sucesso.
2026-03-17 15:09:32,909 - INFO - Sistema iniciado e pronto para operação.
2026-03-17 15:09:39,579 - INFO - Câmera conectada em Alta Definição (1080p).
2026-03-17 15:09:39,580 - INFO - Monitoramento iniciado pelo usuário.
2026-03-17 15:09:43,061 - WARNING - VIOLAÇÃO DETECTADA: 1 pessoa(s) sem EPI!
2026-03-17 15:09:55,705 - WARNING - VIOLAÇÃO DETECTADA: 1 pessoa(s) sem EPI!
2026-03-17 15:10:11,637 - WARNING - VIOLAÇÃO DETECTADA: 1 pessoa(s) sem EPI!
2026-03-17 15:10:12,516 - WARNING - VIOLAÇÃO DETECTADA: 1 pessoa(s) sem EPI!
2026-03-17 15:10:30,779 - INFO - Monitoramento interrompido pelo usuário.
2026-03-17 15:10:32,705 - INFO - Finalizando aplicação...
2026-03-17 15:24:01,794 - INFO - Modelo YOLO carregado com sucesso.
2026-03-17 15:24:01,938 - INFO - Sistema iniciado e pronto para operação.
2026-03-17 15:24:23,768 - INFO - Câmera conectada em Alta Definição (1080p).
2026-03-17 15:24:23,769 - INFO - Monitoramento iniciado pelo usuário.
2026-03-17 15:24:24,728 - WARNING - VIOLAÇÃO DETECTADA: 3 pessoa(s) sem EPI!
2026-03-17 15:25:19,473 - INFO - Ambiente normalizado. Todos com EPI.
2026-03-17 15:25:19,649 - WARNING - VIOLAÇÃO DETECTADA: 3 pessoa(s) sem EPI!
2026-03-17 15:25:20,060 - INFO - Ambiente normalizado. Todos com EPI.
2026-03-17 15:25:20,233 - WARNING - VIOLAÇÃO DETECTADA: 1 pessoa(s) sem EPI!
2026-03-17 15:25:24,809 - WARNING - VIOLAÇÃO DETECTADA: 1 pessoa(s) sem EPI!
2026-03-17 15:25:25,294 - WARNING - VIOLAÇÃO DETECTADA: 1 pessoa(s) sem EPI!
2026-03-17 15:25:25,773 - INFO - Ambiente normalizado. Todos com EPI.
2026-03-17 15:25:26,084 - WARNING - VIOLAÇÃO DETECTADA: 1 pessoa(s) sem EPI!
2026-03-17 15:25:27,406 - INFO - Ambiente normalizado. Todos com EPI.
2026-03-17 15:25:27,568 - WARNING - VIOLAÇÃO DETECTADA: 1 pessoa(s) sem EPI!
2026-03-17 15:25:28,212 - INFO - Ambiente normalizado. Todos com EPI.
2026-03-17 15:25:28,386 - WARNING - VIOLAÇÃO DETECTADA: 1 pessoa(s) sem EPI!
2026-03-17 15:25:28,549 - INFO - Ambiente normalizado. Todos com EPI.
2026-03-17 15:25:28,705 - WARNING - VIOLAÇÃO DETECTADA: 1 pessoa(s) sem EPI!
2026-03-17 15:25:29,046 - INFO - Ambiente normalizado. Todos com EPI.
2026-03-17 15:25:29,228 - WARNING - VIOLAÇÃO DETECTADA: 1 pessoa(s) sem EPI!
2026-03-17 15:25:29,716 - INFO - Ambiente normalizado. Todos com EPI.
2026-03-17 15:25:30,043 - WARNING - VIOLAÇÃO DETECTADA: 1 pessoa(s) sem EPI!
2026-03-17 15:25:30,201 - INFO - Ambiente normalizado. Todos com EPI.
2026-03-17 15:25:30,681 - WARNING - VIOLAÇÃO DETECTADA: 1 pessoa(s) sem EPI!
2026-03-17 15:25:31,049 - INFO - Ambiente normalizado. Todos com EPI.
2026-03-17 15:25:31,234 - WARNING - VIOLAÇÃO DETECTADA: 1 pessoa(s) sem EPI!
2026-03-17 15:25:31,576 - INFO - Ambiente normalizado. Todos com EPI.
2026-03-17 15:25:34,127 - WARNING - VIOLAÇÃO DETECTADA: 1 pessoa(s) sem EPI!
2026-03-17 15:25:34,464 - INFO - Ambiente normalizado. Todos com EPI.
2026-03-17 15:25:35,750 - WARNING - VIOLAÇÃO DETECTADA: 1 pessoa(s) sem EPI!
2026-03-17 15:25:36,159 - INFO - Ambiente normalizado. Todos com EPI.
2026-03-17 15:25:37,344 - WARNING - VIOLAÇÃO DETECTADA: 1 pessoa(s) sem EPI!
2026-03-17 15:25:37,528 - INFO - Ambiente normalizado. Todos com EPI.
2026-03-17 15:25:38,415 - WARNING - VIOLAÇÃO DETECTADA: 1 pessoa(s) sem EPI!
2026-03-17 15:25:38,633 - INFO - Ambiente normalizado. Todos com EPI.
2026-03-17 15:25:41,974 - WARNING - VIOLAÇÃO DETECTADA: 1 pessoa(s) sem EPI!
2026-03-17 15:45:58,217 - INFO - Monitoramento interrompido pelo usuário.
2026-03-17 15:51:17,927 - INFO - Câmera conectada em Alta Definição (1080p).
2026-03-17 15:51:17,941 - INFO - Monitoramento iniciado pelo usuário.
2026-03-17 15:52:12,406 - INFO - Finalizando aplicação...
2026-03-17 15:52:12,857 - INFO - Monitoramento interrompido pelo usuário.
